Sender: LSF System <lsfadmin@n003-ibj>
Subject: Job 374111: <iMagine> in cluster <juno> Exited

Job <iMagine> was submitted from host <login1-ibj> by user <md31923> in cluster <juno> at Wed Feb 14 16:45:44 2024
Job was executed on host(s) <n003-ibj>, in queue <s_short>, as user <md31923> in cluster <juno> at Wed Feb 14 16:45:45 2024
</users_home/asc/md31923> was used as the home directory.
</work/asc/machine_learning/projects/iMagine/bayes_opt_medslikII_workflow/launcher_file> was used as the working directory.
Started at Wed Feb 14 16:45:45 2024
Terminated at Wed Feb 14 16:46:02 2024
Results reported at Wed Feb 14 16:46:02 2024

Your job looked like:

------------------------------------------------------------
# LSBATCH: User input
#!/bin/bash
#BSUB -n 1
#BSUB -q s_short
#BSUB -P R000
#BSUB -J iMagine
#BSUB -o ./job.out
#BSUB -e ./job.err
#BSUB -R "rusage[mem=1G]"

ROOT="/work/asc/machine_learning/projects/iMagine/bayes_opt_20240214"
STARTDATE="20210824"

# !conda run -p /work/asc/machine_learning/projects/iMagine/bayes_opt_workflow/env/mdk2_env \
export PYTHONPATH=$PYTHONPATH:$ROOT && \
export OBSDATE=$OBSDATE:$STARTDATE && \
python $ROOT/src/main/main.py \
--mode 0
------------------------------------------------------------

TERM_OWNER: job killed by owner.
Exited with exit code 130.

Resource usage summary:

    CPU time :                                   11.52 sec.
    Max Memory :                                 127 MB
    Average Memory :                             87.25 MB
    Total Requested Memory :                     1024.00 MB
    Delta Memory :                               897.00 MB
    Max Swap :                                   -
    Max Processes :                              4
    Max Threads :                                76
    Run time :                                   15 sec.
    Turnaround time :                            18 sec.

The output (if any) follows:



PS:

Read file <./job.err> for stderr output of this job.

Sender: LSF System <lsfadmin@n003-ibj>
Subject: Job 374125: <iMagine> in cluster <juno> Done

Job <iMagine> was submitted from host <login1-ibj> by user <md31923> in cluster <juno> at Wed Feb 14 16:47:26 2024
Job was executed on host(s) <n003-ibj>, in queue <s_short>, as user <md31923> in cluster <juno> at Wed Feb 14 16:47:27 2024
</users_home/asc/md31923> was used as the home directory.
</work/asc/machine_learning/projects/iMagine/bayes_opt_medslikII_workflow/launcher_file> was used as the working directory.
Started at Wed Feb 14 16:47:27 2024
Terminated at Wed Feb 14 16:54:01 2024
Results reported at Wed Feb 14 16:54:01 2024

Your job looked like:

------------------------------------------------------------
# LSBATCH: User input
#!/bin/bash
#BSUB -n 1
#BSUB -q s_short
#BSUB -P R000
#BSUB -J iMagine
#BSUB -o ./job.out
#BSUB -e ./job.err
#BSUB -R "rusage[mem=1G]"

ROOT="/work/asc/machine_learning/projects/iMagine/bayes_opt_medslikII_workflow"

# !conda run -p /work/asc/machine_learning/projects/iMagine/bayes_opt_workflow/env/mdk2_env \
export PYTHONPATH=$PYTHONPATH:$ROOT && \
python $ROOT/src/main/main.py \
--mode 0
------------------------------------------------------------

Successfully completed.

Resource usage summary:

    CPU time :                                   437.01 sec.
    Max Memory :                                 658 MB
    Average Memory :                             504.73 MB
    Total Requested Memory :                     1024.00 MB
    Delta Memory :                               366.00 MB
    Max Swap :                                   -
    Max Processes :                              8
    Max Threads :                                92
    Run time :                                   392 sec.
    Turnaround time :                            395 sec.

The output (if any) follows:






                        â–ˆâ–ˆâ–ˆâ•—   â–ˆâ–ˆâ–ˆâ•—â–ˆâ–ˆâ–ˆâ–ˆâ–ˆâ–ˆâ–ˆâ•—â–ˆâ–ˆâ–ˆâ–ˆâ–ˆâ–ˆâ•— â–ˆâ–ˆâ–ˆâ–ˆâ–ˆâ–ˆâ–ˆâ•—â–ˆâ–ˆâ•—     â–ˆâ–ˆâ•—â–ˆâ–ˆâ•—  â–ˆâ–ˆâ•—        â–ˆâ–ˆâ•—â–ˆâ–ˆâ•—
                        â–ˆâ–ˆâ–ˆâ–ˆâ•— â–ˆâ–ˆâ–ˆâ–ˆâ•‘â–ˆâ–ˆâ•”â•â•â•â•â•â–ˆâ–ˆâ•”â•â•â–ˆâ–ˆâ•—â–ˆâ–ˆâ•”â•â•â•â•â•â–ˆâ–ˆâ•‘     â–ˆâ–ˆâ•‘â–ˆâ–ˆâ•‘ â–ˆâ–ˆâ•”â•        â–ˆâ–ˆâ•‘â–ˆâ–ˆâ•‘
                        â–ˆâ–ˆâ•”â–ˆâ–ˆâ–ˆâ–ˆâ•”â–ˆâ–ˆâ•‘â–ˆâ–ˆâ–ˆâ–ˆâ–ˆâ•—  â–ˆâ–ˆâ•‘  â–ˆâ–ˆâ•‘â–ˆâ–ˆâ–ˆâ–ˆâ–ˆâ–ˆâ–ˆâ•—â–ˆâ–ˆâ•‘     â–ˆâ–ˆâ•‘â–ˆâ–ˆâ–ˆâ–ˆâ–ˆâ•”â•         â–ˆâ–ˆâ•‘â–ˆâ–ˆâ•‘
                        â–ˆâ–ˆâ•‘â•šâ–ˆâ–ˆâ•”â•â–ˆâ–ˆâ•‘â–ˆâ–ˆâ•”â•â•â•  â–ˆâ–ˆâ•‘  â–ˆâ–ˆâ•‘â•šâ•â•â•â•â–ˆâ–ˆâ•‘â–ˆâ–ˆâ•‘     â–ˆâ–ˆâ•‘â–ˆâ–ˆâ•”â•â–ˆâ–ˆâ•—         â–ˆâ–ˆâ•‘â–ˆâ–ˆâ•‘
                        â–ˆâ–ˆâ•‘ â•šâ•â• â–ˆâ–ˆâ•‘â–ˆâ–ˆâ–ˆâ–ˆâ–ˆâ–ˆâ–ˆâ•—â–ˆâ–ˆâ–ˆâ–ˆâ–ˆâ–ˆâ•”â•â–ˆâ–ˆâ–ˆâ–ˆâ–ˆâ–ˆâ–ˆâ•‘â–ˆâ–ˆâ–ˆâ–ˆâ–ˆâ–ˆâ–ˆâ•—â–ˆâ–ˆâ•‘â–ˆâ–ˆâ•‘  â–ˆâ–ˆâ•—â–ˆâ–ˆâ–ˆâ–ˆâ–ˆâ–ˆâ–ˆâ•—â–ˆâ–ˆâ•‘â–ˆâ–ˆâ•‘
                        â•šâ•â•     â•šâ•â•â•šâ•â•â•â•â•â•â•â•šâ•â•â•â•â•â• â•šâ•â•â•â•â•â•â•â•šâ•â•â•â•â•â•â•â•šâ•â•â•šâ•â•  â•šâ•â•â•šâ•â•â•â•â•â•â•â•šâ•â•â•šâ•â•
        




> Check Mode
> Gather and process OCE and MET fields for the oil spill ...
> Coordinates lie within Mediterranean Sea ...
> Preparing medslik_II.for and config1.txt files ...
    > Modifying medslik_ii.for ...
    > Modifying config1.txt ...
> Compile MEDSLIK-II (v3.01) ...
| iter                 | target               | Horizontal Diffusivi | Wind correction (Dri | Wind correction (Dri |
--------------------------------------------------------------------------------------------------------------------
| [0m1                   [0m | [0m0.0                 [0m | [0m2.0                 [0m | [0m0.0                 [0m | [0m0.78                [0m |
| [95m2                   [0m | [95m0.0567              [0m | [95m9.665               [0m | [95m1.75                [0m | [95m0.03284             [0m |
| [95m3                   [0m | [95m0.0592              [0m | [95m17.26               [0m | [95m4.864               [0m | [95m0.002006            [0m |
====================================================================================================================


PS:

Read file <./job.err> for stderr output of this job.

