Traceback (most recent call last):
  File "/work/asc/machine_learning/projects/iMagine/bayes_opt_20240214/src/main/main.py", line 17, in <module>
    from src.controller.WorkflowController import WorkflowController
  File "/work/asc/machine_learning/projects/iMagine/bayes_opt_20240214/src/controller/WorkflowController.py", line 15, in <module>
    from src.service.WorkflowService import WorkflowService
  File "/work/asc/machine_learning/projects/iMagine/bayes_opt_20240214/src/service/WorkflowService.py", line 8, in <module>
    from src.serviceImpl.WorkflowServiceImpl import WorkflowServiceImpl
  File "/work/asc/machine_learning/projects/iMagine/bayes_opt_20240214/src/serviceImpl/WorkflowServiceImpl.py", line 27, in <module>
    from simulation.gen_mdk2_sim import Gen_Mdk2_Sim
  File "/work/asc/machine_learning/projects/iMagine/bayes_opt_20240214/simulation/gen_mdk2_sim.py", line 14, in <module>
    from simulation.Medslik_II.functions.medslik_utils import *
  File "/work/asc/machine_learning/projects/iMagine/bayes_opt_20240214/simulation/Medslik_II/functions/medslik_utils.py", line 2, in <module>
    import xarray as xr
  File "/work/asc/machine_learning/projects/iMagine/bayes_opt_workflow/env/mdk2_env/lib/python3.8/site-packages/xarray/__init__.py", line 1, in <module>
    from xarray import testing, tutorial
  File "/work/asc/machine_learning/projects/iMagine/bayes_opt_workflow/env/mdk2_env/lib/python3.8/site-packages/xarray/tutorial.py", line 17, in <module>
    from xarray.backends.api import open_dataset as _open_dataset
  File "/work/asc/machine_learning/projects/iMagine/bayes_opt_workflow/env/mdk2_env/lib/python3.8/site-packages/xarray/backends/__init__.py", line 6, in <module>
    from xarray.backends.cfgrib_ import CfGribDataStore
  File "/work/asc/machine_learning/projects/iMagine/bayes_opt_workflow/env/mdk2_env/lib/python3.8/site-packages/xarray/backends/cfgrib_.py", line 15, in <module>
    from xarray.backends.locks import SerializableLock, ensure_lock
  File "/work/asc/machine_learning/projects/iMagine/bayes_opt_workflow/env/mdk2_env/lib/python3.8/site-packages/xarray/backends/locks.py", line 9, in <module>
    from dask.utils import SerializableLock
  File "/work/asc/machine_learning/projects/iMagine/bayes_opt_workflow/env/mdk2_env/lib/python3.8/site-packages/dask/__init__.py", line 1, in <module>
    from dask import config, datasets
  File "/work/asc/machine_learning/projects/iMagine/bayes_opt_workflow/env/mdk2_env/lib/python3.8/site-packages/dask/config.py", line 15, in <module>
    import yaml
  File "/work/asc/machine_learning/projects/iMagine/bayes_opt_workflow/env/mdk2_env/lib/python3.8/site-packages/yaml/__init__.py", line 13, in <module>
    from .cyaml import *
  File "/work/asc/machine_learning/projects/iMagine/bayes_opt_workflow/env/mdk2_env/lib/python3.8/site-packages/yaml/cyaml.py", line 7, in <module>
    from yaml._yaml import CParser, CEmitter
  File "<frozen importlib._bootstrap>", line 389, in parent
KeyboardInterrupt
